#
# There is insufficient memory for the Java Runtime Environment to continue.
# Native memory allocation (malloc) failed to allocate 32744 bytes for ChunkPool::allocate
# Possible reasons:
#   The system is out of physical RAM or swap space
#   In 32 bit mode, the process size limit was hit
# Possible solutions:
#   Reduce memory load on the system
#   Increase physical memory or swap space
#   Check if swap backing store is full
#   Use 64 bit Java on a 64 bit OS
#   Decrease Java heap size (-Xmx/-Xms)
#   Decrease number of Java threads
#   Decrease Java thread stack sizes (-Xss)
#   Set larger code cache with -XX:ReservedCodeCacheSize=
# This output file may be truncated or incomplete.
#
#  Out of Memory Error (allocation.cpp:273), pid=9008, tid=0x0000000000002388
#
# JRE version: Java(TM) SE Runtime Environment (8.0_131-b11) (build 1.8.0_131-b11)
# Java VM: Java HotSpot(TM) 64-Bit Server VM (25.131-b11 mixed mode windows-amd64 compressed oops)
# Failed to write core dump. Minidumps are not enabled by default on client versions of Windows
#

---------------  T H R E A D  ---------------

Current thread (0x0000000055dd0800):  JavaThread "C1 CompilerThread2" daemon [_thread_in_native, id=9096, stack(0x0000000056320000,0x0000000056420000)]

Stack: [0x0000000056320000,0x0000000056420000]
[error occurred during error reporting (printing stack bounds), id 0xc0000005]

Native frames: (J=compiled Java code, j=interpreted, Vv=VM code, C=native code)


Current CompileTask:
C1:3029168  667 % !   3       sun.java2d.d3d.D3DScreenUpdateManager::run @ 0 (267 bytes)


---------------  P R O C E S S  ---------------

Java Threads: ( => current thread )
  0x0000000058cd5000 JavaThread "TimerQueue" daemon [_thread_blocked, id=9148, stack(0x000000005ae10000,0x000000005af10000)]
  0x00000000561b4000 JavaThread "D3D Screen Updater" daemon [_thread_blocked, id=9140, stack(0x000000005a3f0000,0x000000005a4f0000)]
  0x000000000037d800 JavaThread "DestroyJavaVM" [_thread_blocked, id=9036, stack(0x0000000002160000,0x0000000002260000)]
  0x00000000561c2000 JavaThread "AWT-EventQueue-0" [_thread_blocked, id=9136, stack(0x0000000059620000,0x0000000059720000)]
  0x0000000056193000 JavaThread "AWT-Windows" daemon [_thread_in_native, id=9116, stack(0x0000000056a00000,0x0000000056b00000)]
  0x0000000056192800 JavaThread "AWT-Shutdown" [_thread_blocked, id=9112, stack(0x0000000056210000,0x0000000056310000)]
  0x0000000056191800 JavaThread "Java2D Disposer" daemon [_thread_blocked, id=9108, stack(0x0000000056800000,0x0000000056900000)]
  0x0000000055e45000 JavaThread "Service Thread" daemon [_thread_blocked, id=9100, stack(0x0000000056440000,0x0000000056540000)]
=>0x0000000055dd0800 JavaThread "C1 CompilerThread2" daemon [_thread_in_native, id=9096, stack(0x0000000056320000,0x0000000056420000)]
  0x000000005446e800 JavaThread "C2 CompilerThread1" daemon [_thread_blocked, id=9092, stack(0x0000000055cd0000,0x0000000055dd0000)]
  0x0000000054464800 JavaThread "C2 CompilerThread0" daemon [_thread_blocked, id=9088, stack(0x0000000055aa0000,0x0000000055ba0000)]
  0x0000000054463000 JavaThread "Attach Listener" daemon [_thread_blocked, id=9084, stack(0x00000000555f0000,0x00000000556f0000)]
  0x0000000054460000 JavaThread "Signal Dispatcher" daemon [_thread_blocked, id=9080, stack(0x0000000055890000,0x0000000055990000)]
  0x0000000054449000 JavaThread "Finalizer" daemon [_thread_blocked, id=9068, stack(0x0000000055780000,0x0000000055880000)]
  0x0000000054401800 JavaThread "Reference Handler" daemon [_thread_blocked, id=9064, stack(0x0000000055490000,0x0000000055590000)]

Other Threads:
  0x00000000543fa000 VMThread [stack: 0x0000000055320000,0x0000000055420000] [id=9060]
  0x0000000055e83000 WatcherThread [stack: 0x00000000565e0000,0x00000000566e0000] [id=9104]

VM state:not at safepoint (normal execution)

VM Mutex/Monitor currently owned by a thread: None

Heap:
 PSYoungGen      total 14336K, used 6393K [0x00000000f0700000, 0x00000000f1700000, 0x0000000100000000)
  eden space 12288K, 52% used [0x00000000f0700000,0x00000000f0d3e410,0x00000000f1300000)
  from space 2048K, 0% used [0x00000000f1500000,0x00000000f1500000,0x00000000f1700000)
  to   space 2048K, 0% used [0x00000000f1300000,0x00000000f1300000,0x00000000f1500000)
 ParOldGen       total 32768K, used 0K [0x00000000d1400000, 0x00000000d3400000, 0x00000000f0700000)
  object space 32768K, 0% used [0x00000000d1400000,0x00000000d1400000,0x00000000d3400000)
 Metaspace       used 9885K, capacity 10050K, committed 10368K, reserved 1058816K
  class space    used 1268K, capacity 1323K, committed 1408K, reserved 1048576K

Card table byte_map: [0x0000000001ed0000,0x0000000002050000] byte_map_base: 0x0000000001846000

Marking Bits: (ParMarkBitMap*) 0x0000000072f9c720
 Begin Bits: [0x0000000012190000, 0x0000000012d40000)
 End Bits:   [0x0000000012d40000, 0x00000000138f0000)

Polling page: 0x0000000000300000

CodeCache: size=245760Kb used=2379Kb max_used=2390Kb free=243380Kb
 bounds [0x0000000002530000, 0x00000000027a0000, 0x0000000011530000]
 total_blobs=1123 nmethods=666 adapters=371
 compilation: enabled

Compilation events (10 events):
Event: 21.069 Thread 0x0000000055dd0800 nmethod 662 0x00000000027822d0 code [0x0000000002782440, 0x00000000027826a8]
Event: 21.069 Thread 0x0000000055dd0800  663       3       sun.java2d.StateTrackableDelegate$1::isCurrent (17 bytes)
Event: 21.070 Thread 0x0000000055dd0800 nmethod 663 0x0000000002782750 code [0x00000000027828a0, 0x0000000002782a50]
Event: 510.608 Thread 0x0000000054464800  664       4       java.util.Arrays::copyOf (46 bytes)
Event: 510.620 Thread 0x0000000054464800 nmethod 664 0x0000000002785ad0 code [0x0000000002785c20, 0x0000000002785fb8]
Event: 523.019 Thread 0x000000005446e800  665       4       java.util.ArrayList::toArray (60 bytes)
Event: 523.027 Thread 0x000000005446e800 nmethod 665 0x00000000027861d0 code [0x0000000002786320, 0x0000000002786638]
Event: 534.919 Thread 0x0000000054464800  666       4       sun.java2d.d3d.D3DSurfaceData$D3DWindowSurfaceData::isDirty (18 bytes)
Event: 534.921 Thread 0x0000000054464800 nmethod 666 0x0000000002782b10 code [0x0000000002782c60, 0x0000000002782d18]
Event: 3027.330 Thread 0x0000000055dd0800  667 % !   3       sun.java2d.d3d.D3DScreenUpdateManager::run @ 0 (267 bytes)

GC Heap History (0 events):
No events

Deoptimization events (1 events):
Event: 0.831 Thread 0x000000000037d800 Uncommon trap: reason=null_check action=make_not_entrant pc=0x000000000269d128 method=java.lang.String.equals(Ljava/lang/Object;)Z @ 8

Internal exceptions (10 events):
Event: 0.117 Thread 0x000000000037d800 Exception <a 'java/lang/NoSuchMethodError': Method sun.misc.Unsafe.prefetchRead(Ljava/lang/Object;J)V name or signature does not match> (0x00000000f0707f90) thrown at [C:\re\workspace\8-2-build-windows-amd64-cygwin\jdk8u131\8869\hotspot\src\share\vm\prims
Event: 0.416 Thread 0x000000000037d800 Exception <a 'java/security/PrivilegedActionException'> (0x00000000f07c0e98) thrown at [C:\re\workspace\8-2-build-windows-amd64-cygwin\jdk8u131\8869\hotspot\src\share\vm\prims\jvm.cpp, line 1390]
Event: 0.416 Thread 0x000000000037d800 Exception <a 'java/security/PrivilegedActionException'> (0x00000000f07c10a8) thrown at [C:\re\workspace\8-2-build-windows-amd64-cygwin\jdk8u131\8869\hotspot\src\share\vm\prims\jvm.cpp, line 1390]
Event: 0.418 Thread 0x000000000037d800 Exception <a 'java/security/PrivilegedActionException'> (0x00000000f07c4d18) thrown at [C:\re\workspace\8-2-build-windows-amd64-cygwin\jdk8u131\8869\hotspot\src\share\vm\prims\jvm.cpp, line 1390]
Event: 0.418 Thread 0x000000000037d800 Exception <a 'java/security/PrivilegedActionException'> (0x00000000f07c4f28) thrown at [C:\re\workspace\8-2-build-windows-amd64-cygwin\jdk8u131\8869\hotspot\src\share\vm\prims\jvm.cpp, line 1390]
Event: 0.429 Thread 0x000000000037d800 Exception <a 'java/io/FileNotFoundException'> (0x00000000f07c7450) thrown at [C:\re\workspace\8-2-build-windows-amd64-cygwin\jdk8u131\8869\hotspot\src\share\vm\prims\jni.cpp, line 709]
Event: 0.543 Thread 0x000000000037d800 Exception <a 'java/lang/NoSuchFieldError': method resolution failed> (0x00000000f0894b38) thrown at [C:\re\workspace\8-2-build-windows-amd64-cygwin\jdk8u131\8869\hotspot\src\share\vm\prims\methodHandles.cpp, line 1146]
Event: 0.549 Thread 0x000000000037d800 Exception <a 'java/lang/NoSuchFieldError': method resolution failed> (0x00000000f08a1f08) thrown at [C:\re\workspace\8-2-build-windows-amd64-cygwin\jdk8u131\8869\hotspot\src\share\vm\prims\methodHandles.cpp, line 1146]
Event: 0.669 Thread 0x000000000037d800 Exception <a 'java/io/FileNotFoundException'> (0x00000000f0935d60) thrown at [C:\re\workspace\8-2-build-windows-amd64-cygwin\jdk8u131\8869\hotspot\src\share\vm\prims\jni.cpp, line 709]
Event: 0.831 Thread 0x000000000037d800 Implicit null exception at 0x000000000269cf52 to 0x000000000269d119

Events (10 events):
Event: 3.400 loading class javax/swing/plaf/basic/BasicRadioButtonUI$SelectPreviousBtn
Event: 3.400 loading class javax/swing/plaf/basic/BasicRadioButtonUI$SelectPreviousBtn done
Event: 3.400 loading class javax/swing/plaf/basic/BasicRadioButtonUI$SelectNextBtn
Event: 3.400 loading class javax/swing/plaf/basic/BasicRadioButtonUI$SelectNextBtn done
Event: 3.401 loading class java/awt/event/ItemEvent
Event: 3.401 loading class java/awt/event/ItemEvent done
Event: 3.413 loading class sun/java2d/loops/RenderLoops
Event: 3.414 loading class sun/java2d/loops/RenderLoops done
Event: 4.445 Executing VM operation: EnableBiasedLocking
Event: 4.445 Executing VM operation: EnableBiasedLocking done


Dynamic libraries:
0x000000013fe50000 - 0x000000013fe87000 	C:\Program Files\Java\jre1.8.0_131\bin\javaw.exe
0x0000000077c70000 - 0x0000000077e0f000 	C:\Windows\SYSTEM32\ntdll.dll
0x0000000077b50000 - 0x0000000077c6f000 	C:\Windows\system32\kernel32.dll
0x000007fefdb10000 - 0x000007fefdb7a000 	C:\Windows\system32\KERNELBASE.dll
0x000007fefe210000 - 0x000007fefe2eb000 	C:\Windows\system32\ADVAPI32.dll
0x000007fefe2f0000 - 0x000007fefe38f000 	C:\Windows\system32\msvcrt.dll
0x000007fefe3a0000 - 0x000007fefe3bf000 	C:\Windows\SYSTEM32\sechost.dll
0x000007feff870000 - 0x000007feff99d000 	C:\Windows\system32\RPCRT4.dll
0x0000000077a50000 - 0x0000000077b4a000 	C:\Windows\system32\USER32.dll
0x000007fefe060000 - 0x000007fefe0c7000 	C:\Windows\system32\GDI32.dll
0x000007feffa80000 - 0x000007feffa8e000 	C:\Windows\system32\LPK.dll
0x000007fefdd00000 - 0x000007fefddcb000 	C:\Windows\system32\USP10.dll
0x000007fefc310000 - 0x000007fefc504000 	C:\Windows\WinSxS\amd64_microsoft.windows.common-controls_6595b64144ccf1df_6.0.7601.18837_none_fa3b1e3d17594757\COMCTL32.dll
0x000007feffe70000 - 0x000007feffee1000 	C:\Windows\system32\SHLWAPI.dll
0x000007fefddd0000 - 0x000007fefddfe000 	C:\Windows\system32\IMM32.DLL
0x000007feffd60000 - 0x000007feffe69000 	C:\Windows\system32\MSCTF.dll
0x0000000071ab0000 - 0x0000000071b82000 	C:\Program Files\Java\jre1.8.0_131\bin\msvcr100.dll
0x0000000072780000 - 0x000000007301c000 	C:\Program Files\Java\jre1.8.0_131\bin\server\jvm.dll
0x000007fef9d50000 - 0x000007fef9d59000 	C:\Windows\system32\WSOCK32.dll
0x000007fefff10000 - 0x000007fefff5d000 	C:\Windows\system32\WS2_32.dll
0x000007fefe390000 - 0x000007fefe398000 	C:\Windows\system32\NSI.dll
0x000007fefb360000 - 0x000007fefb39b000 	C:\Windows\system32\WINMM.dll
0x000007fefc9d0000 - 0x000007fefc9dc000 	C:\Windows\system32\VERSION.dll
0x0000000077e10000 - 0x0000000077e17000 	C:\Windows\system32\PSAPI.DLL
0x0000000073f30000 - 0x0000000073f3f000 	C:\Program Files\Java\jre1.8.0_131\bin\verify.dll
0x0000000073a90000 - 0x0000000073ab9000 	C:\Program Files\Java\jre1.8.0_131\bin\java.dll
0x0000000073cc0000 - 0x0000000073cd6000 	C:\Program Files\Java\jre1.8.0_131\bin\zip.dll
0x000007fefe950000 - 0x000007feff6db000 	C:\Windows\system32\SHELL32.dll
0x000007fefde60000 - 0x000007fefe05d000 	C:\Windows\system32\ole32.dll
0x000007fefd940000 - 0x000007fefd94f000 	C:\Windows\system32\profapi.dll
0x0000000070ec0000 - 0x0000000071058000 	C:\Program Files\Java\jre1.8.0_131\bin\awt.dll
0x000007feff9a0000 - 0x000007feffa7a000 	C:\Windows\system32\OLEAUT32.dll
0x000007fefbb10000 - 0x000007fefbb28000 	C:\Windows\system32\DWMAPI.DLL
0x000007fee3f10000 - 0x000007fee402d000 	C:\Windows\system32\opengl32.dll
0x000007feeaab0000 - 0x000007feeaadd000 	C:\Windows\system32\GLU32.dll
0x000007fee3e10000 - 0x000007fee3f01000 	C:\Windows\system32\DDRAW.dll
0x000007feeaaa0000 - 0x000007feeaaa8000 	C:\Windows\system32\DCIMAN32.dll
0x000007fefe3c0000 - 0x000007fefe597000 	C:\Windows\system32\SETUPAPI.dll
0x000007fefdba0000 - 0x000007fefdbd6000 	C:\Windows\system32\CFGMGR32.dll
0x000007fefd980000 - 0x000007fefd99a000 	C:\Windows\system32\DEVOBJ.dll
0x000007fefc130000 - 0x000007fefc186000 	C:\Windows\system32\uxtheme.dll
0x000007fefd7e0000 - 0x000007fefd7ef000 	C:\Windows\system32\CRYPTBASE.dll
0x000007fee3c10000 - 0x000007fee3e0f000 	C:\Windows\system32\d3d9.dll
0x000007feeaa50000 - 0x000007feeaa57000 	C:\Windows\system32\d3d8thk.dll
0x00000000706c0000 - 0x0000000070aa8000 	C:\Windows\system32\atiumd64.dll
0x0000000070c20000 - 0x0000000070eb9000 	C:\Windows\system32\atiumd6a.dll
0x0000000070bd0000 - 0x0000000070c17000 	C:\Program Files\Java\jre1.8.0_131\bin\fontmanager.dll
0x00000000119f0000 - 0x0000000011a55000 	C:\Program Files\WIDCOMM\Bluetooth Software\btmmhook.dll
0x0000000073470000 - 0x000000007348a000 	C:\Program Files\Java\jre1.8.0_131\bin\net.dll
0x000007fefd0d0000 - 0x000007fefd125000 	C:\Windows\system32\mswsock.dll
0x000007fefd0c0000 - 0x000007fefd0c7000 	C:\Windows\System32\wship6.dll
0x0000000073450000 - 0x0000000073461000 	C:\Program Files\Java\jre1.8.0_131\bin\nio.dll
0x0000000070b80000 - 0x0000000070bc2000 	C:\Program Files\Java\jre1.8.0_131\bin\t2k.dll
0x000007fefe170000 - 0x000007fefe209000 	C:\Windows\system32\CLBCatQ.DLL
0x000007fefb940000 - 0x000007fefbaa1000 	C:\Windows\system32\WindowsCodecs.dll
0x000007fefd740000 - 0x000007fefd797000 	C:\Windows\system32\apphelp.dll
0x000007fef5860000 - 0x000007fef59f6000 	C:\Users\laKHAN\AppData\Local\Microsoft\OneDrive\17.3.6390.0509\amd64\FileSyncShell64.dll
0x000007fef57b0000 - 0x000007fef5856000 	C:\Users\laKHAN\AppData\Local\Microsoft\OneDrive\17.3.6390.0509\amd64\MSVCP120.dll
0x000007fef56c0000 - 0x000007fef57af000 	C:\Users\laKHAN\AppData\Local\Microsoft\OneDrive\17.3.6390.0509\amd64\MSVCR120.dll
0x000007fefe5a0000 - 0x000007fefe8c1000 	C:\Windows\system32\WININET.dll
0x000007fefdcf0000 - 0x000007fefdcf4000 	C:\Windows\system32\api-ms-win-downlevel-user32-l1-1-0.dll
0x000007fefdce0000 - 0x000007fefdce4000 	C:\Windows\system32\api-ms-win-downlevel-shlwapi-l1-1-0.dll
0x000007fefdb90000 - 0x000007fefdb94000 	C:\Windows\system32\api-ms-win-downlevel-version-l1-1-0.dll
0x000007fefd960000 - 0x000007fefd963000 	C:\Windows\system32\api-ms-win-downlevel-normaliz-l1-1-0.dll
0x0000000077e20000 - 0x0000000077e23000 	C:\Windows\system32\normaliz.DLL
0x000007feffa90000 - 0x000007feffd5a000 	C:\Windows\system32\iertutil.dll
0x000007fefd970000 - 0x000007fefd975000 	C:\Windows\system32\api-ms-win-downlevel-advapi32-l1-1-0.dll
0x000007fefdcc0000 - 0x000007fefdcde000 	C:\Windows\system32\USERENV.dll
0x000007fef5640000 - 0x000007fef5674000 	C:\Users\laKHAN\AppData\Local\Microsoft\OneDrive\17.3.6390.0509\amd64\LoggingPlatform64.DLL
0x000007fef5530000 - 0x000007fef5620000 	C:\Users\laKHAN\AppData\Local\Microsoft\OneDrive\17.3.6390.0509\amd64\ClientTelemetry.dll
0x000007fefae50000 - 0x000007fefae77000 	C:\Windows\system32\IPHLPAPI.DLL
0x000007fefae40000 - 0x000007fefae4b000 	C:\Windows\system32\WINNSI.DLL
0x000007fefcaa0000 - 0x000007fefcacc000 	C:\Windows\system32\POWRPROF.dll
0x000007fef53c0000 - 0x000007fef53f5000 	C:\Windows\system32\EhStorShell.dll
0x000007fefc190000 - 0x000007fefc2bc000 	C:\Windows\system32\PROPSYS.dll
0x000007fef5340000 - 0x000007fef53be000 	C:\Windows\System32\cscui.dll
0x000007fef5330000 - 0x000007fef533c000 	C:\Windows\System32\CSCDLL.dll
0x000007fef5430000 - 0x000007fef543f000 	C:\Windows\system32\CSCAPI.dll
0x000007fef52b0000 - 0x000007fef5330000 	C:\Windows\system32\ntshrui.dll
0x000007fefd3b0000 - 0x000007fefd3d3000 	C:\Windows\system32\srvcli.dll
0x000007fefb0a0000 - 0x000007fefb0ab000 	C:\Windows\system32\slc.dll

VM Arguments:
jvm_args: -Dfile.encoding=Cp1252 
java_command: bank.MainClass
java_class_path (initial): C:\Users\laKHAN\Desktop\javaprogram\bank\bin
Launcher Type: SUN_STANDARD

Environment Variables:
PATH=C:/Program Files/Java/jre1.8.0_131/bin/server;C:/Program Files/Java/jre1.8.0_131/bin;C:/Program Files/Java/jre1.8.0_131/lib/amd64;C:\ProgramData\Oracle\Java\javapath;C:\Windows\system32;C:\Windows;C:\Windows\System32\Wbem;C:\Windows\System32\WindowsPowerShell\v1.0\;C:\Program Files\WIDCOMM\Bluetooth Software\;C:\Program Files\WIDCOMM\Bluetooth Software\syswow64;C:\Program Files\Intel\WiFi\bin\;C:\Program Files\Common Files\Intel\WirelessCommon\;C:\TDM-GCC-32\bin;C:\Program Files (x86)\Java\jdk1.6.0_24\bin;C:\Users\laKHAN\Desktop\javaprogram\bank\src\bank;
USERNAME=laKHAN
OS=Windows_NT
PROCESSOR_IDENTIFIER=Intel64 Family 6 Model 37 Stepping 2, GenuineIntel



---------------  S Y S T E M  ---------------

OS: Windows 7 , 64 bit Build 7601 (6.1.7601.24150)

CPU:total 4 (initial active 4) (2 cores per cpu, 2 threads per core) family 6 model 37 stepping 2, cmov, cx8, fxsr, mmx, sse, sse2, sse3, ssse3, sse4.1, sse4.2, popcnt, ht, tsc, tscinvbit

Memory: 4k page, physical 3061860k(408724k free), swap 12245564k(4796k free)

vm_info: Java HotSpot(TM) 64-Bit Server VM (25.131-b11) for windows-amd64 JRE (1.8.0_131-b11), built on Mar 15 2017 01:23:53 by "java_re" with MS VC++ 10.0 (VS2010)

time: Mon Jun 18 09:27:41 2018
elapsed time: 3029 seconds (0d 0h 50m 29s)

